<?xml version="1.0" encoding="UTF-8"?>
<!-- Generated by org.testng.reporters.JUnitReportReporter -->
<testsuite hostname="DESKTOP-7HDVN5M" failures="0" tests="2" name="qa.tests.LoginPageTest" time="28.521" errors="0" timestamp="2022-05-27T22:11:08 IST" skipped="0">
  <testcase classname="qa.tests.LoginPageTest" name="validateLogoTest" time="5.347"/>
  <system-out/>
  <testcase classname="qa.tests.LoginPageTest" name="validateLoginTest" time="23.174"/>
  <system-out/>
</testsuite> <!-- qa.tests.LoginPageTest -->
